Reading netlist file: "/mnt/nfs_share/vaerda/8-Dev/1-FPGA/SAP1/impl/gwsynthesis/SAP1.vg"
Parsing netlist file "/mnt/nfs_share/vaerda/8-Dev/1-FPGA/SAP1/impl/gwsynthesis/SAP1.vg" completed
Processing netlist completed
Reading constraint file: "/mnt/nfs_share/vaerda/8-Dev/1-FPGA/SAP1/src/sap1.cst"
Physical Constraint parsed completed
Running placement......
[10%] Placement Phase 0 completed
[20%] Placement Phase 1 completed
[30%] Placement Phase 2 completed
WARN  (TA1132) :  'i_mclk' was determined to be a clock but was not created.
WARN  (TA1132) :  'nclk' was determined to be a clock but was not created.
WARN  (TA1132) :  'test_d' was determined to be a clock but was not created.
[50%] Placement Phase 3 completed
Running routing......
[60%] Routing Phase 0 completed
[70%] Routing Phase 1 completed
[80%] Routing Phase 2 completed
[90%] Routing Phase 3 completed
Running timing analysis......
[95%] Timing analysis completed
Placement and routing completed
Bitstream generation in progress......
Bitstream generation completed
Running power analysis......
[100%] Power analysis completed
Generate file "/mnt/nfs_share/vaerda/8-Dev/1-FPGA/SAP1/impl/pnr/SAP1.power.html" completed
Generate file "/mnt/nfs_share/vaerda/8-Dev/1-FPGA/SAP1/impl/pnr/SAP1.pin.html" completed
Generate file "/mnt/nfs_share/vaerda/8-Dev/1-FPGA/SAP1/impl/pnr/SAP1.rpt.html" completed
Generate file "/mnt/nfs_share/vaerda/8-Dev/1-FPGA/SAP1/impl/pnr/SAP1.rpt.txt" completed
Generate file "/mnt/nfs_share/vaerda/8-Dev/1-FPGA/SAP1/impl/pnr/SAP1.tr.html" completed
Sun Jun  7 11:30:36 2026

