GowinSynthesis start
Running parser ...
Analyzing Verilog file '/mnt/nfs_share/vaerda/8-Dev/1-FPGA/SAP1/src/sap1_main.v'
Analyzing Verilog file '/mnt/nfs_share/vaerda/8-Dev/1-FPGA/SAP1/src/alu.v'
Analyzing Verilog file '/mnt/nfs_share/vaerda/8-Dev/1-FPGA/SAP1/src/clock_module.v'
Analyzing Verilog file '/mnt/nfs_share/vaerda/8-Dev/1-FPGA/SAP1/src/control_logic.v'
Analyzing Verilog file '/mnt/nfs_share/vaerda/8-Dev/1-FPGA/SAP1/src/instruction_register.v'
Analyzing Verilog file '/mnt/nfs_share/vaerda/8-Dev/1-FPGA/SAP1/src/mem_address_register.v'
Analyzing Verilog file '/mnt/nfs_share/vaerda/8-Dev/1-FPGA/SAP1/src/output_module.v'
Analyzing Verilog file '/mnt/nfs_share/vaerda/8-Dev/1-FPGA/SAP1/src/program_counter.v'
Analyzing Verilog file '/mnt/nfs_share/vaerda/8-Dev/1-FPGA/SAP1/src/ram.v'
Analyzing Verilog file '/mnt/nfs_share/vaerda/8-Dev/1-FPGA/SAP1/src/register.v'
Compiling module 'sap1_main'("/mnt/nfs_share/vaerda/8-Dev/1-FPGA/SAP1/src/sap1_main.v":1)
Compiling module 'clock_module'("/mnt/nfs_share/vaerda/8-Dev/1-FPGA/SAP1/src/clock_module.v":1)
Compiling module 'control_logic'("/mnt/nfs_share/vaerda/8-Dev/1-FPGA/SAP1/src/control_logic.v":4)
Compiling module 'register'("/mnt/nfs_share/vaerda/8-Dev/1-FPGA/SAP1/src/register.v":1)
Compiling module 'alu'("/mnt/nfs_share/vaerda/8-Dev/1-FPGA/SAP1/src/alu.v":1)
Compiling module 'instruction_register'("/mnt/nfs_share/vaerda/8-Dev/1-FPGA/SAP1/src/instruction_register.v":1)
Compiling module 'mem_address_register'("/mnt/nfs_share/vaerda/8-Dev/1-FPGA/SAP1/src/mem_address_register.v":1)
Compiling module 'output_module'("/mnt/nfs_share/vaerda/8-Dev/1-FPGA/SAP1/src/output_module.v":1)
Compiling module 'program_counter'("/mnt/nfs_share/vaerda/8-Dev/1-FPGA/SAP1/src/program_counter.v":1)
Compiling module 'ram'("/mnt/nfs_share/vaerda/8-Dev/1-FPGA/SAP1/src/ram.v":1)
Extracting RAM for identifier 'storage_blocks'("/mnt/nfs_share/vaerda/8-Dev/1-FPGA/SAP1/src/ram.v":11)
NOTE  (EX0101) : Current top module is "sap1_main"
[5%] Running netlist conversion ...
Running device independent optimization ...
[10%] Optimizing Phase 0 completed
[15%] Optimizing Phase 1 completed
[25%] Optimizing Phase 2 completed
Running inference ...
[30%] Inferring Phase 0 completed
[40%] Inferring Phase 1 completed
[50%] Inferring Phase 2 completed
[55%] Inferring Phase 3 completed
Running technical mapping ...
[60%] Tech-Mapping Phase 0 completed
[65%] Tech-Mapping Phase 1 completed
[75%] Tech-Mapping Phase 2 completed
[80%] Tech-Mapping Phase 3 completed
[90%] Tech-Mapping Phase 4 completed
[95%] Generate netlist file "/mnt/nfs_share/vaerda/8-Dev/1-FPGA/SAP1/impl/gwsynthesis/SAP1.vg" completed
[100%] Generate report file "/mnt/nfs_share/vaerda/8-Dev/1-FPGA/SAP1/impl/gwsynthesis/SAP1_syn.rpt.html" completed
GowinSynthesis finish
